0 silly argv {
0 silly argv   _: [ 'run' ],
0 silly argv   scope: 'manuspect-web',
0 silly argv   lernaVersion: '5.5.0',
0 silly argv   '$0': '/Users/konstantinov050701gmail.com/projects/manuspect/manuspect/node_modules/.bin/lerna',
0 silly argv   script: 'start'
0 silly argv }
1 notice cli v5.5.0
2 verbose rootPath /Users/konstantinov050701gmail.com/projects/manuspect/manuspect
3 error JSONError: Unexpected token "}" (0x7D) in JSON at position 1121 while parsing near "...npm run test:ci\",\n  },\n  \"eslintConfig\":..." in packages/manuspect-ipynb-components/package.json
3 error
3 error [0m [90m 27 |[39m     [32m"lint"[39m[33m:[39m [32m"npm run lint:eslint && npm run lint:stylelint"[39m[33m,[39m[0m
3 error [0m [90m 28 |[39m     [32m"prebuild"[39m[33m:[39m [32m"npm run format && npm run lint && npm run test:ci"[39m[33m,[39m[0m
3 error [0m[31m[1m>[22m[39m[90m 29 |[39m   }[33m,[39m[0m
3 error [0m [90m    |[39m   [31m[1m^[22m[39m[0m
3 error [0m [90m 30 |[39m   [32m"eslintConfig"[39m[33m:[39m {}[33m,[39m[0m
3 error [0m [90m 31 |[39m   [32m"browserslist"[39m[33m:[39m [[0m
3 error [0m [90m 32 |[39m     [32m"> 0.2%"[39m[33m,[39m[0m
3 error
3 error     at parseJson (/Users/konstantinov050701gmail.com/projects/manuspect/manuspect/node_modules/parse-json/index.js:29:21)
3 error     at parse (/Users/konstantinov050701gmail.com/projects/manuspect/manuspect/node_modules/load-json-file/index.js:15:9)
3 error     at module.exports (/Users/konstantinov050701gmail.com/projects/manuspect/manuspect/node_modules/load-json-file/index.js:18:47)
